This is pdfTeX, Version 3.14159265-2.6-1.40.20 (TeX Live 2019) (preloaded format=pdflatex 2019.5.8)  5 FEB 2020 13:28
entering extended mode
 restricted \write18 enabled.
 %&-line parsing enabled.
**cleanedCS3.tex
(./cleanedCS3.tex
LaTeX2e <2018-12-01>

! LaTeX Error: File `jss.cls' not found.

Type X to quit or <RETURN> to proceed,
or enter new name. (Default extension: cls)

Enter file name: 
! Emergency stop.
<read *> 
         
l.3 ^^M
        
Here is how much of TeX's memory you used:
 10 strings out of 492616
 180 string characters out of 6129482
 57124 words of memory out of 5000000
 4028 multiletter control sequences out of 15000+600000
 3640 words of font info for 14 fonts, out of 8000000 for 9000
 1141 hyphenation exceptions out of 8191
 10i,0n,8p,32b,8s stack positions out of 5000i,500n,10000p,200000b,80000s

!  ==> Fatal error occurred, no output PDF file produced!
